$ kn service list
NAME           URL                                                  LATEST   AGE     CONDITIONS   READY     REASON
trace-func-0   http://trace-func-0.default.192.168.1.240.sslip.io            52m     0 OK / 3     False     RevisionMissing : Configuration "trace-func-0" does not have any ready Revision.
trace-func-1   http://trace-func-1.default.192.168.1.240.sslip.io            52m     0 OK / 3     False     RevisionMissing : Configuration "trace-func-1" does not have any ready Revision.
trace-func-2   http://trace-func-2.default.192.168.1.240.sslip.io            52m     0 OK / 3     False     RevisionMissing : Configuration "trace-func-2" does not have any ready Revision.
trace-func-3   http://trace-func-3.default.192.168.1.240.sslip.io            52m     0 OK / 3     False     RevisionMissing : Configuration "trace-func-3" does not have any ready Revision.
trace-func-4   http://trace-func-4.default.192.168.1.240.sslip.io            52m     0 OK / 3     False     RevisionMissing : Configuration "trace-func-4" does not have any ready Revision.
trace-func-5   http://trace-func-5.default.192.168.1.240.sslip.io            42m     0 OK / 3     False     RevisionMissing : Configuration "trace-func-5" does not have any ready Revision.
trace-func-6   http://trace-func-6.default.192.168.1.240.sslip.io            32m     0 OK / 3     False     RevisionMissing : Configuration "trace-func-6" does not have any ready Revision.
trace-func-7   http://trace-func-7.default.192.168.1.240.sslip.io            22m     0 OK / 3     False     RevisionMissing : Configuration "trace-func-7" does not have any ready Revision.
trace-func-8   http://trace-func-8.default.192.168.1.240.sslip.io            12m     0 OK / 3     False     RevisionMissing : Configuration "trace-func-8" does not have any ready Revision.
trace-func-9   http://trace-func-9.default.192.168.1.240.sslip.io            2m11s   0 OK / 3     Unknown   RevisionMissing : Configuration "trace-func-9" is waiting for a Revision to become ready.

INFO[Dec 12 11:55:09.287] Using service config file: workloads/timed.yaml                                                            
WARN[Dec 12 11:55:13.527] Failed to deploy function trace-func-0: exit status 1                                                      
Creating service 'trace-func-0' in namespace 'default':                                                                              
                                                                                                 
  0.054s The Route is still working to reflect the latest desired specification.                                                 
  0.088s ...                                                                                     
  0.105s Configuration "trace-func-0" is waiting for a Revision to become ready.                                                 
  2.154s Revision "trace-func-0-00001" failed with message: 0/2 nodes are available: 1 Too many pods, 1 node(s) had taint {node-role.
kubernetes.io/master: }, that the pod didn't tolerate..                                     
  2.174s Configuration "trace-func-0" does not have any ready Revision.                                                          
Error: RevisionFailed: Revision "trace-func-0-00001" failed with message: 0/2 nodes are available: 1 Too many pods, 1 node(s) had tai
nt {node-role.kubernetes.io/master: }, that the pod didn't tolerate..                                   
Run 'kn --help' for usage                                                                   
                                                                                            
WARN[Dec 12 11:55:17.377] Failed to deploy function trace-func-1: exit status 1                                                  
Creating service 'trace-func-1' in namespace 'default':                                          
                                                                                                 
  0.047s The Route is still working to reflect the latest desired specification.                                                 
  0.119s Configuration "trace-func-1" is waiting for a Revision to become ready.                                                 
  1.767s Revision "trace-func-1-00001" failed with message: 0/2 nodes are available: 1 Too many pods, 1 node(s) had taint {node-role.
kubernetes.io/master: }, that the pod didn't tolerate..                                          
  1.813s Configuration "trace-func-1" does not have any ready Revision.                                                          
Error: RevisionFailed: Revision "trace-func-1-00001" failed with message: 0/2 nodes are available: 1 Too many pods, 1 node(s) had tai
nt {node-role.kubernetes.io/master: }, that the pod didn't tolerate..                                   
Run 'kn --help' for usage                                                                        
                                                                                            
WARN[Dec 12 11:55:22.958] Failed to deploy function trace-func-2: exit status 1                                                      
Creating service 'trace-func-2' in namespace 'default':           

  0.049s The Route is still working to reflect the latest desired specification.                                                     
  0.070s ...                     
  0.126s Configuration "trace-func-2" is waiting for a Revision to become ready.                                                     
  1.396s Revision "trace-func-2-00001" failed with message: There is an existing Deployment "trace-func-2-00001-deployment" that we d
o not own..                      
  1.421s Configuration "trace-func-2" does not have any ready Revision.                                                              
  3.163s ...                     
